2026-04-01 12:13:46 | INFO     | [db] Connecting | host=localhost | port=5432 | db=loan_db | user=postgres
2026-04-01 12:13:46 | ERROR    | [db] Unexpected error during init | error=No module named 'psycopg2'
2026-04-01 12:19:30 | INFO     | [db] Connecting | host=localhost | port=5432 | db=loan_db | user=postgres
2026-04-01 12:19:30 | ERROR    | [db] Connection failed — is Docker running? | host=localhost:5432 | error=(psycopg2.OperationalError) connection to server at "localhost" (::1), port 5432 failed: FATAL:  password authentication failed for user "postgres"

(Background on this error at: https://sqlalche.me/e/20/e3q8)
2026-04-01 12:26:30 | INFO     | [db] Connecting | host=localhost | port=5432 | db=loan_db | user=postgres
2026-04-01 12:26:31 | ERROR    | [db] Connection failed — is Docker running? | host=localhost:5432 | error=(psycopg2.OperationalError) connection to server at "localhost" (::1), port 5432 failed: FATAL:  password authentication failed for user "postgres"

(Background on this error at: https://sqlalche.me/e/20/e3q8)
2026-04-01 12:36:57 | INFO     | [db] Connecting | host=localhost | port=5432 | db=loan_db | user=postgres
2026-04-01 12:36:57 | ERROR    | [db] Connection failed — is Docker running? | host=localhost:5432 | error=(psycopg2.OperationalError) connection to server at "localhost" (::1), port 5432 failed: FATAL:  password authentication failed for user "postgres"

(Background on this error at: https://sqlalche.me/e/20/e3q8)
2026-04-01 14:40:20 | INFO     | [db] Connecting | host=localhost | port=5432 | db=loan_db | user=postgres
2026-04-01 14:40:21 | ERROR    | [db] Connection failed — is Docker running? | host=localhost:5432 | error=(psycopg2.OperationalError) connection to server at "localhost" (::1), port 5432 failed: FATAL:  password authentication failed for user "postgres"

(Background on this error at: https://sqlalche.me/e/20/e3q8)
2026-04-01 14:47:08 | INFO     | [db] Connecting | host=localhost | port=5432 | db=loan_db | user=nik
2026-04-01 14:47:08 | ERROR    | [db] Connection failed — is Docker running? | host=localhost:5432 | error=(psycopg2.OperationalError) connection to server at "localhost" (::1), port 5432 failed: FATAL:  password authentication failed for user "nik"

(Background on this error at: https://sqlalche.me/e/20/e3q8)
2026-04-01 14:53:18 | INFO     | [db] Connecting | host=localhost | port=5432 | db=loan_db | user=nik
2026-04-01 14:53:18 | ERROR    | [db] Connection failed — is Docker running? | host=localhost:5432 | error=(psycopg2.OperationalError) connection to server at "localhost" (::1), port 5432 failed: FATAL:  database "loan_db" does not exist

(Background on this error at: https://sqlalche.me/e/20/e3q8)
2026-04-01 14:54:21 | INFO     | [db] Connecting | host=localhost | port=5432 | db=LD | user=nik
2026-04-01 14:54:21 | INFO     | [db] Connected successfully | pool_size=3 | schema=public
2026-04-01 14:55:51 | INFO     | [db] Connecting | host=localhost | port=5432 | db=LD | user=nik
2026-04-01 14:55:51 | INFO     | [db] Connected successfully | pool_size=3 | schema=public
2026-04-01 15:03:37 | INFO     | [db] Connecting | host=localhost | port=5432 | db=LD | user=nik
2026-04-01 15:03:41 | ERROR    | [db] Connection failed — is Docker running? | host=localhost:5432 | error=(psycopg2.OperationalError) connection to server at "localhost" (::1), port 5432 failed: Connection refused (0x0000274D/10061)
	Is the server running on that host and accepting TCP/IP connections?
connection to server at "localhost" (127.0.0.1), port 5432 failed: Connection refused (0x0000274D/10061)
	Is the server running on that host and accepting TCP/IP connections?

(Background on this error at: https://sqlalche.me/e/20/e3q8)
2026-04-01 15:07:02 | INFO     | [db] Connecting | host=localhost | port=5432 | db=LD | user=nik
2026-04-01 15:07:02 | INFO     | [db] Connected successfully | pool_size=3 | schema=public
2026-04-01 15:24:34 | INFO     | [db] Connecting | host=localhost | port=5432 | db=LD | user=nik
2026-04-01 15:24:34 | INFO     | [db] Connected successfully | pool_size=3 | schema=public
2026-04-01 17:24:12 | INFO     | [db] Connecting | host=localhost | port=5432 | db=LD | user=nik
2026-04-01 17:24:12 | INFO     | [db] Connected successfully | pool_size=3 | schema=public
2026-04-01 17:31:48 | INFO     | [db] Connecting | host=localhost | port=5432 | db=LD | user=nik
2026-04-01 17:31:48 | INFO     | [db] Connected successfully | pool_size=3 | schema=public
2026-04-01 17:56:19 | INFO     | [db] Connecting | host=localhost | port=5432 | db=LD | user=nik
2026-04-01 17:56:19 | INFO     | [db] Connected successfully | pool_size=3 | schema=public
2026-04-01 18:21:45 | INFO     | [db] Connecting | host=localhost | port=5432 | db=LD | user=nik
2026-04-01 18:21:45 | INFO     | [db] Connected successfully | pool_size=3 | schema=public
2026-04-01 19:29:46 | INFO     | [db] Connecting | host=localhost | port=5432 | db=LD | user=nik
2026-04-01 19:29:46 | INFO     | [db] Connected successfully | pool_size=3 | schema=public
2026-04-02 15:54:06 | INFO     | [db] Connecting | host=localhost | port=5432 | db=LD | user=nik
2026-04-02 15:54:07 | INFO     | [db] Connected successfully | pool_size=3 | schema=public
2026-04-02 15:55:35 | INFO     | [db] Connecting | host=localhost | port=5432 | db=LD | user=nik
2026-04-02 15:55:35 | INFO     | [db] Connected successfully | pool_size=3 | schema=public
2026-04-05 00:33:20 | INFO     | [db] Connecting | host=localhost | port=5432 | db=LD | user=nik
2026-04-05 00:33:21 | INFO     | [db] Connected successfully | pool_size=3 | schema=public
2026-04-05 00:38:10 | INFO     | [db] Connecting | host=localhost | port=5432 | db=LD | user=nik
2026-04-05 00:38:11 | INFO     | [db] Connected successfully | pool_size=3 | schema=public
2026-04-05 00:40:56 | INFO     | [db] Connecting | host=localhost | port=5432 | db=LD | user=nik
2026-04-05 00:40:56 | INFO     | [db] Connected successfully | pool_size=3 | schema=public
2026-04-05 00:51:13 | INFO     | [db] Connecting | host=localhost | port=5432 | db=LD | user=nik
2026-04-05 00:51:13 | INFO     | [db] Connected successfully | pool_size=3 | schema=public
2026-04-05 01:27:04 | INFO     | [db] Connecting | host=localhost | port=5432 | db=LD | user=nik
2026-04-05 01:27:05 | INFO     | [db] Connected successfully | pool_size=3 | schema=public
2026-04-05 01:27:05 | INFO     | [db] Executing query | preview="SELECT COUNT(*) FROM loan_dashboard"
2026-04-05 01:27:05 | INFO     | [db] Query OK | rows=1 | cols=1 | columns=['count']
2026-04-05 01:35:12 | INFO     | [db] Connecting | host=localhost | port=5432 | db=LD | user=nik
2026-04-05 01:35:13 | INFO     | [db] Connected successfully | pool_size=3 | schema=public
2026-04-05 01:35:15 | INFO     | [db] Executing query | preview="SELECT COUNT(*) FROM loan_dashboard"
2026-04-05 01:35:15 | INFO     | [db] Query OK | rows=1 | cols=1 | columns=['count']
2026-04-05 02:10:58 | INFO     | [db] Connecting | host=localhost | port=5432 | db=LD | user=nik
2026-04-05 02:10:59 | INFO     | [db] Connected successfully | pool_size=3 | schema=public
2026-04-05 02:11:01 | INFO     | [db] Executing query | preview="SELECT COUNT(*) FROM loan_dashboard"
2026-04-05 02:11:01 | INFO     | [db] Query OK | rows=1 | cols=1 | columns=['count']
2026-04-05 02:30:04 | INFO     | [db] Executing query | preview="SELECT   branch,   COUNT(DISTINCT CASE WHEN bounce_status IN ('Tech', 'Non Tech') THEN cust_id END) AS "Bounce Count",  "
2026-04-05 02:30:04 | INFO     | [db] Query OK | rows=134 | cols=4 | columns=['branch', 'Bounce Count', 'Total Customers', 'Bounce %']
2026-04-05 02:30:04 | INFO     | [db_client] Real query OK | rows=134 | cols=4
